<?xml version="1.0" encoding="UTF-8"?>
<testsuite name="BlockchainTest" tests="1" skipped="0" failures="0" errors="0" timestamp="2023-02-20T14:54:39" hostname="SERVER-GUTY" time="1.846">
  <properties/>
  <testcase name="start" classname="BlockchainTest" time="1.846"/>
  <system-out><![CDATA[?[1;31m
Start test 1?[0m
Genesis Block:
Id: 1
Timestamp: 1676904880423
Magic number: 2127074130
Hash of the previous block:
0
Hash of the block:
c3dfb2b24843934b9b7861d435350ae2712d6dd52d1556a4c44b36bfcf39e132
Block was generating for 0 seconds
N was increased to 1

Block:
Created by miner10
Id: 2
Timestamp: 1676904880424
Magic number: 1702073154
Hash of the previous block:
c3dfb2b24843934b9b7861d435350ae2712d6dd52d1556a4c44b36bfcf39e132
Hash of the block:
014ade3f8c113f3c8ebefc59208bcb19f9cff0ed49638aa7f01e569f9999cd74
Block was generating for 0 seconds
N was increased to 2

Block:
Created by miner10
Id: 3
Timestamp: 1676904880424
Magic number: 329656111
Hash of the previous block:
014ade3f8c113f3c8ebefc59208bcb19f9cff0ed49638aa7f01e569f9999cd74
Hash of the block:
00db16ff67737902c20d8bffe7d7e395080212d7b1219fe491e69331e587c578
Block was generating for 0 seconds
N was increased to 3

Block:
Created by miner7
Id: 4
Timestamp: 1676904880425
Magic number: 693841198
Hash of the previous block:
00db16ff67737902c20d8bffe7d7e395080212d7b1219fe491e69331e587c578
Hash of the block:
000d0bd7002ee9d71c172752351347150df8676c114c2f6c0b7c443101ee83da
Block was generating for 0 seconds
N was increased to 4

Block:
Created by miner4
Id: 5
Timestamp: 1676904880454
Magic number: 1841576522
Hash of the previous block:
000d0bd7002ee9d71c172752351347150df8676c114c2f6c0b7c443101ee83da
Hash of the block:
0000a5f971bdd4e49065d3ce81c91541b1fd2f45b4ae02ad9e69b3d07d7a71a6
Block was generating for 0 seconds
N was increased to 5
?[1;31m
Start test 2?[0m
Genesis Block:
Id: 1
Timestamp: 1676904880829
Magic number: 940988547
Hash of the previous block:
0
Hash of the block:
82e6b7d3503b948eacaded9344c746a5442c4bdcafd2377f05949f1e19762d83
Block was generating for 0 seconds
N was increased to 1

Block:
Created by miner1
Id: 2
Timestamp: 1676904880830
Magic number: 411783944
Hash of the previous block:
82e6b7d3503b948eacaded9344c746a5442c4bdcafd2377f05949f1e19762d83
Hash of the block:
09f027b9feabe061802066746ff3cbbe7ef1b436956b37c8608cbb8417bb2b02
Block was generating for 0 seconds
N was increased to 2

Block:
Created by miner1
Id: 3
Timestamp: 1676904880831
Magic number: 1197263257
Hash of the previous block:
09f027b9feabe061802066746ff3cbbe7ef1b436956b37c8608cbb8417bb2b02
Hash of the block:
008c1c72372cdcacf5ca3dbc6621d7229046b0c55fe85cca59f199195c4e0f4c
Block was generating for 0 seconds
N was increased to 3

Block:
Created by miner3
Id: 4
Timestamp: 1676904880831
Magic number: 293441939
Hash of the previous block:
008c1c72372cdcacf5ca3dbc6621d7229046b0c55fe85cca59f199195c4e0f4c
Hash of the block:
000f297ea7e275a775b1077d5ead5228de0831955c2be7f16422a2db032f9d71
Block was generating for 0 seconds
N was increased to 4

Block:
Created by miner9
Id: 5
Timestamp: 1676904880901
Magic number: 1616119685
Hash of the previous block:
000f297ea7e275a775b1077d5ead5228de0831955c2be7f16422a2db032f9d71
Hash of the block:
000028137640317ebf0602e678a4b0cc8bb38917e637eac7b8c142136ad24081
Block was generating for 0 seconds
N was increased to 5
]]></system-out>
  <system-err><![CDATA[]]></system-err>
</testsuite>
