<?xml version="1.0" encoding="UTF-8"?>
<testsuite name="BlockchainTest" tests="1" skipped="0" failures="0" errors="0" timestamp="2023-02-04T21:41:22" hostname="SERVER-GUTY" time="1.477">
  <properties/>
  <testcase name="start" classname="BlockchainTest" time="1.477"/>
  <system-out><![CDATA[?[1;31m
Start test 1?[0m

Genesis Block:
Id: 1
Timestamp: 1675546883826
Hash of the previous block:
0
Hash of the block:
27cb2409cf26b5e406c15608443b5d1382cfb24e97ad081cf56b3390bdc7f1fd

Block:
Id: 2
Timestamp: 1675546883826
Hash of the previous block:
27cb2409cf26b5e406c15608443b5d1382cfb24e97ad081cf56b3390bdc7f1fd
Hash of the block:
b5cd80b06e5aee0ed492071d5f43c9d1f3d3f67418416c1cb8dd8e13fb88833e

Block:
Id: 3
Timestamp: 1675546883826
Hash of the previous block:
b5cd80b06e5aee0ed492071d5f43c9d1f3d3f67418416c1cb8dd8e13fb88833e
Hash of the block:
d08fe0f924a82419aa2f7908c783c7f1f86d353edf253477399f2612969c1563

Block:
Id: 4
Timestamp: 1675546883826
Hash of the previous block:
d08fe0f924a82419aa2f7908c783c7f1f86d353edf253477399f2612969c1563
Hash of the block:
fd705fb5782eb071feca2c9d2098ea343480b71b524b3216cb8af492fd9f3eea

Block:
Id: 5
Timestamp: 1675546883826
Hash of the previous block:
fd705fb5782eb071feca2c9d2098ea343480b71b524b3216cb8af492fd9f3eea
Hash of the block:
8943ab633be4f11ae268dda0a3569b700dfc709848b86fe628c6116533e78523
?[1;31m
Start test 2?[0m

Genesis Block:
Id: 1
Timestamp: 1675546884126
Hash of the previous block:
0
Hash of the block:
d9a033be3c7697d725e06e3abbc498af39e3f5078097d0da3b0739886bd8d60a

Block:
Id: 2
Timestamp: 1675546884126
Hash of the previous block:
d9a033be3c7697d725e06e3abbc498af39e3f5078097d0da3b0739886bd8d60a
Hash of the block:
135f4f4a9f698b2e62aae534555047d56cacefd2e4bc102d00a3c9c3727228b4

Block:
Id: 3
Timestamp: 1675546884126
Hash of the previous block:
135f4f4a9f698b2e62aae534555047d56cacefd2e4bc102d00a3c9c3727228b4
Hash of the block:
8a2a865d5ffcac23bca403477c036a391401a12b512dec86951c464198b12c1b

Block:
Id: 4
Timestamp: 1675546884126
Hash of the previous block:
8a2a865d5ffcac23bca403477c036a391401a12b512dec86951c464198b12c1b
Hash of the block:
e9b641e4d347f17c2de10fa082f1ec21583f4a0b6af26774b343f7757bffd875

Block:
Id: 5
Timestamp: 1675546884126
Hash of the previous block:
e9b641e4d347f17c2de10fa082f1ec21583f4a0b6af26774b343f7757bffd875
Hash of the block:
9e7ee30c38fa90e56a5a748a55bd955019ca6e179ee8653c14ba568a80bc2975
]]></system-out>
  <system-err><![CDATA[]]></system-err>
</testsuite>
