<?xml version="1.0" encoding="UTF-8"?>
<testsuite name="BlockchainTest" tests="1" skipped="0" failures="0" errors="0" timestamp="2023-02-04T21:41:40" hostname="SERVER-GUTY" time="2.648">
  <properties/>
  <testcase name="start" classname="BlockchainTest" time="2.648"/>
  <system-out><![CDATA[?[1;31m
Start test 1?[0m
Enter how many zeros the hash must start with: 
> 0

Genesis Block:
Id: 1
Timestamp: 1675546901534
Magic number: 188990871358488300
Hash of the previous block:
0
Hash of the block:
184e4e455f379c97e436713620fe549d45b2f35e6f8473ea16b3814735ac00a9
Block was generating for 0 seconds

Block:
Id: 2
Timestamp: 1675546901534
Magic number: 6183656111609323357
Hash of the previous block:
184e4e455f379c97e436713620fe549d45b2f35e6f8473ea16b3814735ac00a9
Hash of the block:
1c08710efbf6b317ef9bb26d2fd1950b7f2aff6b2d63b301e890ae4fe095cf27
Block was generating for 0 seconds

Block:
Id: 3
Timestamp: 1675546901535
Magic number: 6540353348706572659
Hash of the previous block:
1c08710efbf6b317ef9bb26d2fd1950b7f2aff6b2d63b301e890ae4fe095cf27
Hash of the block:
dfd49d6083504951f791cb6166a0bb0664c8239b04b6f95843d4319685d826f4
Block was generating for 0 seconds

Block:
Id: 4
Timestamp: 1675546901535
Magic number: 6540353348706572659
Hash of the previous block:
dfd49d6083504951f791cb6166a0bb0664c8239b04b6f95843d4319685d826f4
Hash of the block:
365239bc143d618f28c17a90a0a134107d467c0c91ffb59852b2089ed5dd58b9
Block was generating for 0 seconds

Block:
Id: 5
Timestamp: 1675546901535
Magic number: 6540353348706572659
Hash of the previous block:
365239bc143d618f28c17a90a0a134107d467c0c91ffb59852b2089ed5dd58b9
Hash of the block:
ac48856cdfe7a1953b4922267324bf140f9651ad1738b7ef3897599ae8d40b12
Block was generating for 0 seconds
?[1;31m
Start test 2?[0m
Enter how many zeros the hash must start with: 
> 1

Genesis Block:
Id: 1
Timestamp: 1675546901926
Magic number: 7751250166183397775
Hash of the previous block:
0
Hash of the block:
0ddc342fd79f0ee6587f34ece0efe1bee44b11df084c2a909db19e806dc0ad48
Block was generating for 0 seconds

Block:
Id: 2
Timestamp: 1675546901926
Magic number: 2683476401329596032
Hash of the previous block:
0ddc342fd79f0ee6587f34ece0efe1bee44b11df084c2a909db19e806dc0ad48
Hash of the block:
0ec5f560fa6529a034df434f49fe12ef60ed5f58d0f1bbd1af3fe762fede5bd7
Block was generating for 0 seconds

Block:
Id: 3
Timestamp: 1675546901926
Magic number: 2683476401329596032
Hash of the previous block:
0ec5f560fa6529a034df434f49fe12ef60ed5f58d0f1bbd1af3fe762fede5bd7
Hash of the block:
0fc247cacf7cb504e958afb8f7b5b7b0f000555d396175cad0784d1ebd3af94c
Block was generating for 0 seconds

Block:
Id: 4
Timestamp: 1675546901926
Magic number: 2683476401329596032
Hash of the previous block:
0fc247cacf7cb504e958afb8f7b5b7b0f000555d396175cad0784d1ebd3af94c
Hash of the block:
08261704335b3385f75ddf57493733949947adf0e0aace7f59dd24a9ae690b55
Block was generating for 0 seconds

Block:
Id: 5
Timestamp: 1675546901926
Magic number: 2683476401329596032
Hash of the previous block:
08261704335b3385f75ddf57493733949947adf0e0aace7f59dd24a9ae690b55
Hash of the block:
01dbb08483fe1a2aa4604901c4560e78032487dd24949825fbe56ec9e9a92beb
Block was generating for 0 seconds
?[1;31m
Start test 3?[0m
Enter how many zeros the hash must start with: 
> 2

Genesis Block:
Id: 1
Timestamp: 1675546902157
Magic number: 652072820043104093
Hash of the previous block:
0
Hash of the block:
0070bd832f2aa428c1432c2dfb9bfe8c1d16c29bfb66f1f80a10e13d132e373b
Block was generating for 0 seconds

Block:
Id: 2
Timestamp: 1675546902157
Magic number: 708522728758136013
Hash of the previous block:
0070bd832f2aa428c1432c2dfb9bfe8c1d16c29bfb66f1f80a10e13d132e373b
Hash of the block:
00e9875e19a2038fceb31cd4ac219dbc4a4c8dfbb4d04fc85a808dee3014ddba
Block was generating for 0 seconds

Block:
Id: 3
Timestamp: 1675546902158
Magic number: 700552013175674492
Hash of the previous block:
00e9875e19a2038fceb31cd4ac219dbc4a4c8dfbb4d04fc85a808dee3014ddba
Hash of the block:
00ce3d685766941afe532f78c65bdf1d5a429dbedc7ed40f12749c4b9eab959e
Block was generating for 0 seconds

Block:
Id: 4
Timestamp: 1675546902158
Magic number: 700552013175674492
Hash of the previous block:
00ce3d685766941afe532f78c65bdf1d5a429dbedc7ed40f12749c4b9eab959e
Hash of the block:
0047e2b807931a77ef256e24872e6af7058565f3f0bd895b6241516ddd7f4bf2
Block was generating for 0 seconds

Block:
Id: 5
Timestamp: 1675546902158
Magic number: 700552013175674492
Hash of the previous block:
0047e2b807931a77ef256e24872e6af7058565f3f0bd895b6241516ddd7f4bf2
Hash of the block:
007bfc25f047c1911e073bf89d3b6503975c1a70bfc099cecfae979d55db3983
Block was generating for 0 seconds
?[1;31m
Start test 4?[0m
Enter how many zeros the hash must start with: 
> 0

Genesis Block:
Id: 1
Timestamp: 1675546902366
Magic number: 5206624999595921560
Hash of the previous block:
0
Hash of the block:
fcfed53bf8476f30fa0019e7cf491fc7c3407b70c992d5b205869d7e6646ca97
Block was generating for 0 seconds

Block:
Id: 2
Timestamp: 1675546902366
Magic number: 5845860018418395676
Hash of the previous block:
fcfed53bf8476f30fa0019e7cf491fc7c3407b70c992d5b205869d7e6646ca97
Hash of the block:
17fd52140b1b63020e22d3036de79a505ade460621b11b81015e138acbe8b955
Block was generating for 0 seconds

Block:
Id: 3
Timestamp: 1675546902366
Magic number: 5845860018418395676
Hash of the previous block:
17fd52140b1b63020e22d3036de79a505ade460621b11b81015e138acbe8b955
Hash of the block:
0092f0f24ea3eca9182abe3a3193dd9e4b386b78cc368d43648e2a2d305c01ba
Block was generating for 0 seconds

Block:
Id: 4
Timestamp: 1675546902366
Magic number: 5845860018418395676
Hash of the previous block:
0092f0f24ea3eca9182abe3a3193dd9e4b386b78cc368d43648e2a2d305c01ba
Hash of the block:
b45a2c32a12500953df8128d6b6e023a35511d9ae091eae225bc7ce7cd913775
Block was generating for 0 seconds

Block:
Id: 5
Timestamp: 1675546902366
Magic number: 5845860018418395676
Hash of the previous block:
b45a2c32a12500953df8128d6b6e023a35511d9ae091eae225bc7ce7cd913775
Hash of the block:
57ff5d86cec70df071655562eaac0985321957d85f6086816bcc8d7f07b966c8
Block was generating for 0 seconds
?[1;31m
Start test 5?[0m
Enter how many zeros the hash must start with: 
> 1

Genesis Block:
Id: 1
Timestamp: 1675546902581
Magic number: 4405712174733833380
Hash of the previous block:
0
Hash of the block:
0f72fe8d43c14ef1de8b4740d6d2564ec32334866eb8a1ae7080d2aa2bd5b1cb
Block was generating for 0 seconds

Block:
Id: 2
Timestamp: 1675546902581
Magic number: 7924477914361751140
Hash of the previous block:
0f72fe8d43c14ef1de8b4740d6d2564ec32334866eb8a1ae7080d2aa2bd5b1cb
Hash of the block:
031243d04e837602ecf5344bb28c99e1aee2d241c3e91af13c274e5b26bf8ffc
Block was generating for 0 seconds

Block:
Id: 3
Timestamp: 1675546902581
Magic number: 7924477914361751140
Hash of the previous block:
031243d04e837602ecf5344bb28c99e1aee2d241c3e91af13c274e5b26bf8ffc
Hash of the block:
087701c9d19ddb6c2d7136f04cd36f55699f25da303bfe54587c415d6a8eb358
Block was generating for 0 seconds

Block:
Id: 4
Timestamp: 1675546902581
Magic number: 7924477914361751140
Hash of the previous block:
087701c9d19ddb6c2d7136f04cd36f55699f25da303bfe54587c415d6a8eb358
Hash of the block:
0afceab407fe02e418e71152c9188a1ab088b99b4e1c29e00fc4a3742533e619
Block was generating for 0 seconds

Block:
Id: 5
Timestamp: 1675546902581
Magic number: 7924477914361751140
Hash of the previous block:
0afceab407fe02e418e71152c9188a1ab088b99b4e1c29e00fc4a3742533e619
Hash of the block:
0b23c2a69bab6adad345a872d5cfa324d0d3f8d0b4ef4e4dd17ac1769a671c80
Block was generating for 0 seconds
?[1;31m
Start test 6?[0m
Enter how many zeros the hash must start with: 
> 2

Genesis Block:
Id: 1
Timestamp: 1675546902803
Magic number: 1205066255681133912
Hash of the previous block:
0
Hash of the block:
00d84e6a818ba483b66d782bff973e51252798c7e5f7d000a492d357abbdff66
Block was generating for 0 seconds

Block:
Id: 2
Timestamp: 1675546902803
Magic number: 4121592004267003723
Hash of the previous block:
00d84e6a818ba483b66d782bff973e51252798c7e5f7d000a492d357abbdff66
Hash of the block:
00f9d1488fd07a8b90e0f64063f897af7cfbb07461161f07cb6857bc0222b80c
Block was generating for 0 seconds

Block:
Id: 3
Timestamp: 1675546902804
Magic number: 5991861536262780072
Hash of the previous block:
00f9d1488fd07a8b90e0f64063f897af7cfbb07461161f07cb6857bc0222b80c
Hash of the block:
00d684be16fbb1893a7eab29d87771a9fc7106a6e565466281e8b8cfca2678f3
Block was generating for 0 seconds

Block:
Id: 4
Timestamp: 1675546902804
Magic number: 5697021544102141972
Hash of the previous block:
00d684be16fbb1893a7eab29d87771a9fc7106a6e565466281e8b8cfca2678f3
Hash of the block:
00b138ea77d2f1b03b4090de948ebcbe3aade2b7f63e86707550b1c0751a21ca
Block was generating for 0 seconds

Block:
Id: 5
Timestamp: 1675546902804
Magic number: 5697021544102141972
Hash of the previous block:
00b138ea77d2f1b03b4090de948ebcbe3aade2b7f63e86707550b1c0751a21ca
Hash of the block:
006fc82474b26b467f718ecb846b0ade0dcf8db3f49d148bb0508261e4180bca
Block was generating for 0 seconds
]]></system-out>
  <system-err><![CDATA[]]></system-err>
</testsuite>
