<?xml version="1.0" encoding="UTF-8"?>
<testsuite name="BlockchainTest" tests="1" skipped="0" failures="0" errors="0" timestamp="2023-02-20T14:54:48" hostname="SERVER-GUTY" time="2.795">
  <properties/>
  <testcase name="start" classname="BlockchainTest" time="2.795"/>
  <system-out><![CDATA[?[1;31m
Start test 1?[0m
Enter how many zeros the hash must start with: 
> 0

Genesis Block:
Id: 1
Timestamp: 1676904890265
Magic number: 1298498081
Hash of the previous block:
0
Hash of the block:
dbbeaf01336e3cd3321a3a289b6db06660f7f68887c528fd30319b79e494aa6e
Block was generating for 0 seconds

Block:
Id: 2
Timestamp: 1676904890265
Magic number: 1869070036
Hash of the previous block:
dbbeaf01336e3cd3321a3a289b6db06660f7f68887c528fd30319b79e494aa6e
Hash of the block:
a8f25a7b5c72b6237f8bfdffc004b2a1c2de0de5fcc8fb931e5022ee34c68bdb
Block was generating for 0 seconds

Block:
Id: 3
Timestamp: 1676904890265
Magic number: 1869070036
Hash of the previous block:
a8f25a7b5c72b6237f8bfdffc004b2a1c2de0de5fcc8fb931e5022ee34c68bdb
Hash of the block:
c0338ba68175e8c222883b8aed22e96425bec2e3d488f777efa37c20c11fa95e
Block was generating for 0 seconds

Block:
Id: 4
Timestamp: 1676904890265
Magic number: 1869070036
Hash of the previous block:
c0338ba68175e8c222883b8aed22e96425bec2e3d488f777efa37c20c11fa95e
Hash of the block:
41bc862d0e07e670d845bcbacc2bdd19dbbe92c4ae989efdb0e8df8dd3acae07
Block was generating for 0 seconds

Block:
Id: 5
Timestamp: 1676904890265
Magic number: 1869070036
Hash of the previous block:
41bc862d0e07e670d845bcbacc2bdd19dbbe92c4ae989efdb0e8df8dd3acae07
Hash of the block:
62b5a95bd53ea8a32ca655c386e2483e43c418b11f641f7f9f4132c63acf3336
Block was generating for 0 seconds
?[1;31m
Start test 2?[0m
Enter how many zeros the hash must start with: 
> 1

Genesis Block:
Id: 1
Timestamp: 1676904890700
Magic number: 1298498081
Hash of the previous block:
0
Hash of the block:
0d5ae9606b903473b7c87c8cf45ae84ef2ef5fdf76e324b267bfac427fd56ba9
Block was generating for 0 seconds

Block:
Id: 2
Timestamp: 1676904890700
Magic number: 1066793542
Hash of the previous block:
0d5ae9606b903473b7c87c8cf45ae84ef2ef5fdf76e324b267bfac427fd56ba9
Hash of the block:
04a2e4a99ea09c6569d220b7eeaab7e1c2f100942620019e4cdfc6f89bd965f8
Block was generating for 0 seconds

Block:
Id: 3
Timestamp: 1676904890700
Magic number: 1066793542
Hash of the previous block:
04a2e4a99ea09c6569d220b7eeaab7e1c2f100942620019e4cdfc6f89bd965f8
Hash of the block:
0a6898829affda17df6d3a6c5a253817141ad6eb62c98477115c2837133b7c64
Block was generating for 0 seconds

Block:
Id: 4
Timestamp: 1676904890700
Magic number: 1066793542
Hash of the previous block:
0a6898829affda17df6d3a6c5a253817141ad6eb62c98477115c2837133b7c64
Hash of the block:
0899310d861b939f8896cdcc71efa9a549bc0f5c56895f9b9aaeac4b67d5c56d
Block was generating for 0 seconds

Block:
Id: 5
Timestamp: 1676904890700
Magic number: 1066793542
Hash of the previous block:
0899310d861b939f8896cdcc71efa9a549bc0f5c56895f9b9aaeac4b67d5c56d
Hash of the block:
08d8e596610742a2555d662b1fcfc0139d5c5cfdfe31e20b4acfbf42e5e78956
Block was generating for 0 seconds
?[1;31m
Start test 3?[0m
Enter how many zeros the hash must start with: 
> 2

Genesis Block:
Id: 1
Timestamp: 1676904890915
Magic number: 1298498081
Hash of the previous block:
0
Hash of the block:
0009377f56f7d297823457f25b27c0a7f2a078f68c1d53408dd69a93c957d7c7
Block was generating for 0 seconds

Block:
Id: 2
Timestamp: 1676904890915
Magic number: 786910049
Hash of the previous block:
0009377f56f7d297823457f25b27c0a7f2a078f68c1d53408dd69a93c957d7c7
Hash of the block:
001f194bdb3b0cdca3c7a0c84ee17a0315e4ab7802640589bcebe890fdb61ed0
Block was generating for 0 seconds

Block:
Id: 3
Timestamp: 1676904890916
Magic number: 1982450218
Hash of the previous block:
001f194bdb3b0cdca3c7a0c84ee17a0315e4ab7802640589bcebe890fdb61ed0
Hash of the block:
00575358b7cff1246120dfe665b28cff0f4a93c0a7bbcc61a1d24b17d2adbffc
Block was generating for 0 seconds

Block:
Id: 4
Timestamp: 1676904890916
Magic number: 1982450218
Hash of the previous block:
00575358b7cff1246120dfe665b28cff0f4a93c0a7bbcc61a1d24b17d2adbffc
Hash of the block:
00f6407930368e6294f2c640320218fa4b08fc117da7c13ff5b34858dccf36d4
Block was generating for 0 seconds

Block:
Id: 5
Timestamp: 1676904890917
Magic number: 1254281692
Hash of the previous block:
00f6407930368e6294f2c640320218fa4b08fc117da7c13ff5b34858dccf36d4
Hash of the block:
00be1d56b4e8da0498757ce15b735fb1cd15f1f878edd9a8c1739432cb89cba9
Block was generating for 0 seconds
?[1;31m
Start test 4?[0m
Enter how many zeros the hash must start with: 
> 0

Genesis Block:
Id: 1
Timestamp: 1676904891143
Magic number: 1298498081
Hash of the previous block:
0
Hash of the block:
588901a7c1fa8ca2752ebe0c8ed43555c0bc188ca0a109efadbd1052ef250c65
Block was generating for 0 seconds

Block:
Id: 2
Timestamp: 1676904891143
Magic number: 1121865668
Hash of the previous block:
588901a7c1fa8ca2752ebe0c8ed43555c0bc188ca0a109efadbd1052ef250c65
Hash of the block:
5546825022622aedac87fd785eee1178ad1afd92de11223f882d4e8c7f062107
Block was generating for 0 seconds

Block:
Id: 3
Timestamp: 1676904891143
Magic number: 1121865668
Hash of the previous block:
5546825022622aedac87fd785eee1178ad1afd92de11223f882d4e8c7f062107
Hash of the block:
29c1913291576a4259330ec998d927215766997245647a2772e900b34add620f
Block was generating for 0 seconds

Block:
Id: 4
Timestamp: 1676904891143
Magic number: 1121865668
Hash of the previous block:
29c1913291576a4259330ec998d927215766997245647a2772e900b34add620f
Hash of the block:
e6bce968d700db5fbb25add320c629f7813aaf2d564119bca496f08956d919c2
Block was generating for 0 seconds

Block:
Id: 5
Timestamp: 1676904891143
Magic number: 1121865668
Hash of the previous block:
e6bce968d700db5fbb25add320c629f7813aaf2d564119bca496f08956d919c2
Hash of the block:
c808663041e74c6b6561cc042c25076cfde79eeee744ada49d141359d59d8790
Block was generating for 0 seconds
?[1;31m
Start test 5?[0m
Enter how many zeros the hash must start with: 
> 1

Genesis Block:
Id: 1
Timestamp: 1676904891363
Magic number: 1298498081
Hash of the previous block:
0
Hash of the block:
0d2682bb1f465e7121fce17e704159c7f62ef52b55dd238cd71279ac4a03ea5c
Block was generating for 0 seconds

Block:
Id: 2
Timestamp: 1676904891363
Magic number: 540158175
Hash of the previous block:
0d2682bb1f465e7121fce17e704159c7f62ef52b55dd238cd71279ac4a03ea5c
Hash of the block:
0ff467e737e9eab8d338e548ae813e2b24557c3b37278965086741adf12e12d5
Block was generating for 0 seconds

Block:
Id: 3
Timestamp: 1676904891363
Magic number: 540158175
Hash of the previous block:
0ff467e737e9eab8d338e548ae813e2b24557c3b37278965086741adf12e12d5
Hash of the block:
0c97dbabf5ccf4560d08e116fb6d21ab7233cf0c69cc14b3d868c9d8a6f234a1
Block was generating for 0 seconds

Block:
Id: 4
Timestamp: 1676904891363
Magic number: 540158175
Hash of the previous block:
0c97dbabf5ccf4560d08e116fb6d21ab7233cf0c69cc14b3d868c9d8a6f234a1
Hash of the block:
0c8f27667bdff06f3101426b1ea3cf30bceeb914575e1344ee76d9a4a6cc7b22
Block was generating for 0 seconds

Block:
Id: 5
Timestamp: 1676904891363
Magic number: 540158175
Hash of the previous block:
0c8f27667bdff06f3101426b1ea3cf30bceeb914575e1344ee76d9a4a6cc7b22
Hash of the block:
0c07b5f692dff9726db8df32e426eb2926a441128efeaa7333806486f248c06a
Block was generating for 0 seconds
?[1;31m
Start test 6?[0m
Enter how many zeros the hash must start with: 
> 2

Genesis Block:
Id: 1
Timestamp: 1676904891644
Magic number: 1298498081
Hash of the previous block:
0
Hash of the block:
00f8c52fd741f1750aea51e4e39e078f3f91ba92c866189d6b3c7909ea16366f
Block was generating for 0 seconds

Block:
Id: 2
Timestamp: 1676904891644
Magic number: 2136091775
Hash of the previous block:
00f8c52fd741f1750aea51e4e39e078f3f91ba92c866189d6b3c7909ea16366f
Hash of the block:
003bd287020e540a46a3a5d0693455dc0270492b04241695b5e5065d07516adc
Block was generating for 0 seconds

Block:
Id: 3
Timestamp: 1676904891644
Magic number: 2136091775
Hash of the previous block:
003bd287020e540a46a3a5d0693455dc0270492b04241695b5e5065d07516adc
Hash of the block:
00033191b30fa508ce9e8cdc27b276154abff6bb338d277b559d1f9164c3804c
Block was generating for 0 seconds

Block:
Id: 4
Timestamp: 1676904891645
Magic number: 1180332925
Hash of the previous block:
00033191b30fa508ce9e8cdc27b276154abff6bb338d277b559d1f9164c3804c
Hash of the block:
005da2a83095ead7a10bb3f09f6aecbef3372a0d8d5abe714300b6c349bc4c9a
Block was generating for 0 seconds

Block:
Id: 5
Timestamp: 1676904891645
Magic number: 1180332925
Hash of the previous block:
005da2a83095ead7a10bb3f09f6aecbef3372a0d8d5abe714300b6c349bc4c9a
Hash of the block:
009fd8b1c6b8774cd62ea7875e672007ba7244aa6d97e7b9f827fe950e044c4f
Block was generating for 0 seconds
]]></system-out>
  <system-err><![CDATA[]]></system-err>
</testsuite>
